<?xml version="1.0" encoding="UTF-8"?>
<!-- Generated by org.testng.reporters.JUnitReportReporter -->
<testsuite hostname="LIN24010590" failures="0" tests="1" name="orangeHRM.TestCase_4" time="24.208" errors="0" timestamp="2023-04-13T11:21:33 IST" skipped="0">
  <testcase classname="orangeHRM.TestCase_4" name="orange" time="24.208"/>
  <system-out/>
</testsuite> <!-- orangeHRM.TestCase_4 -->
