<?xml version="1.0" encoding="UTF-8"?>
<!-- Generated by org.testng.reporters.JUnitReportReporter -->
<testsuite hostname="LIN24010590" failures="0" tests="1" name="orangeHRM.TestCase2" time="17.625" errors="0" timestamp="2023-04-06T22:12:25 IST" skipped="0">
  <testcase classname="orangeHRM.TestCase2" name="validUsername_invalidPass" time="17.625"/>
  <system-out/>
</testsuite> <!-- orangeHRM.TestCase2 -->
