<?xml version="1.0" encoding="UTF-8"?>
<!-- Generated by org.testng.reporters.JUnitReportReporter -->
<testsuite hostname="LIN24010590" failures="0" tests="1" name="orangeHRM.TestCase3" time="20.713" errors="0" timestamp="2023-04-07T10:15:04 IST" skipped="0">
  <testcase classname="orangeHRM.TestCase3" name="wrongUsername_validPass" time="20.713"/>
  <system-out/>
</testsuite> <!-- orangeHRM.TestCase3 -->
