<?xml version="1.0" encoding="UTF-8"?>
<!-- Generated by org.testng.reporters.JUnitReportReporter -->
<testsuite hostname="LIN24010590" failures="0" tests="1" name="orangeHRM.TestCase1" time="46.318" errors="0" timestamp="2023-09-01T13:09:15 IST" skipped="0">
  <testcase classname="orangeHRM.TestCase1" name="valid_credential" time="46.318"/>
  <system-out/>
</testsuite> <!-- orangeHRM.TestCase1 -->
